<?xml version="1.0" encoding="UTF-8"?>
<!-- Generated by org.testng.reporters.JUnitReportReporter -->
<testsuite hostname="Diegos-MacBook-Pro.local" failures="0" tests="1" name="com.chromatech.runners.RunTest" time="4.804" errors="0" timestamp="2024-06-14T20:49:12 EDT" skipped="0">
  <testcase classname="com.chromatech.runners.RunTest" name="runScenario" time="4.804"/>
</testsuite> <!-- com.chromatech.runners.RunTest -->
