<?xml version="1.0" encoding="UTF-8"?>
<!-- Generated by org.testng.reporters.JUnitReportReporter -->
<testsuite hostname="Diegos-MacBook-Pro.local" failures="0" tests="1" name="com.chromatech.runners.RunTest" time="3.428" errors="0" timestamp="2024-07-01T20:47:06 EDT" skipped="0">
  <testcase classname="com.chromatech.runners.RunTest" name="runScenario" time="3.428"/>
</testsuite> <!-- com.chromatech.runners.RunTest -->
